#
# There is insufficient memory for the Java Runtime Environment to continue.
# Native memory allocation (mmap) failed to map 134217728 bytes for Failed to commit area from 0x0000000081200000 to 0x0000000089200000 of length 134217728.
# Possible reasons:
#   The system is out of physical RAM or swap space
#   The process is running with CompressedOops enabled, and the Java Heap may be blocking the growth of the native heap
# Possible solutions:
#   Reduce memory load on the system
#   Increase physical memory or swap space
#   Check if swap backing store is full
#   Decrease Java heap size (-Xmx/-Xms)
#   Decrease number of Java threads
#   Decrease Java thread stack sizes (-Xss)
#   Set larger code cache with -XX:ReservedCodeCacheSize=
# This output file may be truncated or incomplete.
#
#  Out of Memory Error (t:/workspace/open/src/hotspot/os/windows/os_windows.cpp:3269), pid=11744, tid=4536
#
# JRE version:  (11.0+28) (build )
# Java VM: OpenJDK 64-Bit Server VM (11+28, mixed mode, aot, sharing, tiered, compressed oops, g1 gc, windows-amd64)
# No core dump will be written. Minidumps are not enabled by default on client versions of Windows
#

---------------  S U M M A R Y ------------

Command Line: -Dfile.encoding=UTF-8 quiz.CoffeeExam

Host: Intel(R) Core(TM) i5-4570 CPU @ 3.20GHz, 4 cores, 7G,  Windows 10 , 64 bit Build 19041 (10.0.19041.5198)
Time: Thu Dec 12 12:36:13 2024 대한민국 표준시 elapsed time: 0 seconds (0d 0h 0m 0s)

---------------  T H R E A D  ---------------

Current thread (0x0000018faa505800):  JavaThread "Unknown thread" [_thread_in_vm, id=4536, stack(0x000000016c500000,0x000000016c600000)]

Stack: [0x000000016c500000,0x000000016c600000]
Native frames: (J=compiled Java code, j=interpreted, Vv=VM code, C=native code)
V  [jvm.dll+0x63adaa]
V  [jvm.dll+0x77852f]
V  [jvm.dll+0x779b18]
V  [jvm.dll+0x77a1d3]
V  [jvm.dll+0x2624c8]
V  [jvm.dll+0x63825a]
V  [jvm.dll+0x62cb15]
V  [jvm.dll+0x31563c]
V  [jvm.dll+0x3154c2]
V  [jvm.dll+0x31ad36]
V  [jvm.dll+0x36726f]
V  [jvm.dll+0x366c90]
V  [jvm.dll+0x2f2378]
V  [jvm.dll+0x2f34d6]
V  [jvm.dll+0x7517d7]
V  [jvm.dll+0x752f1f]
V  [jvm.dll+0x374099]
V  [jvm.dll+0x738059]
V  [jvm.dll+0x3e35fd]
V  [jvm.dll+0x3e5961]
C  [javaw.exe+0x3613]
C  [javaw.exe+0x17a6c]
C  [KERNEL32.DLL+0x17374]
C  [ntdll.dll+0x4cc91]


---------------  P R O C E S S  ---------------

Threads class SMR info:
_java_thread_list=0x0000018fa8b0ef30, length=0, elements={
}

Java Threads: ( => current thread )

Other Threads:
  0x0000018faa51d800 GCTaskThread "GC Thread#0" [stack: 0x000000016c600000,0x000000016c700000] [id=14292]
  0x0000018faa54d000 ConcurrentGCThread "G1 Main Marker" [stack: 0x000000016c700000,0x000000016c800000] [id=12236]
  0x0000018faa54f800 ConcurrentGCThread "G1 Conc#0" [stack: 0x000000016c800000,0x000000016c900000] [id=12228]

[error occurred during error reporting (printing all threads), id 0xc0000005, EXCEPTION_ACCESS_VIOLATION (0xc0000005) at pc=0x00007fff1ce10d37]

VM state:not at safepoint (not fully initialized)

VM Mutex/Monitor currently owned by a thread:  ([mutex/lock_event])
[0x0000018faa5041e0] Heap_lock - owner thread: 0x0000018faa505800

Heap address: 0x0000000081200000, size: 2030 MB, Compressed Oops mode: Non-zero based: 0x0000000081200000
Narrow klass base: 0x0000000000000000, Narrow klass shift: 0

GC Heap History (0 events):
No events

Deoptimization events (0 events):
No events

Classes redefined (0 events):
No events

Internal exceptions (0 events):
No events

Events (0 events):
No events


Dynamic libraries:
0x00007ff68dbc0000 - 0x00007ff68dc05000 	C:\Users\Admin\Downloads\openjdk-11+28_windows-x64_bin\jdk-11\bin\javaw.exe
0x00007fff4f790000 - 0x00007fff4f988000 	C:\WINDOWS\SYSTEM32\ntdll.dll
0x00007fff4f350000 - 0x00007fff4f412000 	C:\WINDOWS\System32\KERNEL32.DLL
0x00007fff4cf80000 - 0x00007fff4d27e000 	C:\WINDOWS\System32\KERNELBASE.dll
0x00007fff4e7d0000 - 0x00007fff4e96d000 	C:\WINDOWS\System32\USER32.dll
0x00007fff4ce30000 - 0x00007fff4ce52000 	C:\WINDOWS\System32\win32u.dll
0x00007fff4e5b0000 - 0x00007fff4e5db000 	C:\WINDOWS\System32\GDI32.dll
0x00007fff4ce60000 - 0x00007fff4cf77000 	C:\WINDOWS\System32\gdi32full.dll
0x00007fff4d5c0000 - 0x00007fff4d65d000 	C:\WINDOWS\System32\msvcp_win.dll
0x00007fff4d280000 - 0x00007fff4d380000 	C:\WINDOWS\System32\ucrtbase.dll
0x00007fff31fe0000 - 0x00007fff3227a000 	C:\WINDOWS\WinSxS\amd64_microsoft.windows.common-controls_6595b64144ccf1df_6.0.19041.4355_none_60b8b9eb71f62e16\COMCTL32.dll
0x00007fff4e730000 - 0x00007fff4e7ce000 	C:\WINDOWS\System32\msvcrt.dll
0x00007fff4e690000 - 0x00007fff4e6bf000 	C:\WINDOWS\System32\IMM32.DLL
0x00007fff46600000 - 0x00007fff46616000 	C:\Users\Admin\Downloads\openjdk-11+28_windows-x64_bin\jdk-11\bin\vcruntime140.dll
0x00007fff3a650000 - 0x00007fff3a6fa000 	C:\Users\Admin\Downloads\openjdk-11+28_windows-x64_bin\jdk-11\bin\msvcp140.dll
0x00007fff1cb10000 - 0x00007fff1d651000 	C:\Users\Admin\Downloads\openjdk-11+28_windows-x64_bin\jdk-11\bin\server\jvm.dll
0x00007fff4e3c0000 - 0x00007fff4e471000 	C:\WINDOWS\System32\ADVAPI32.dll
0x00007fff4dfb0000 - 0x00007fff4e04f000 	C:\WINDOWS\System32\sechost.dll
0x00007fff4f5a0000 - 0x00007fff4f6c3000 	C:\WINDOWS\System32\RPCRT4.dll
0x00007fff4d660000 - 0x00007fff4d687000 	C:\WINDOWS\System32\bcrypt.dll
0x00007fff4e3b0000 - 0x00007fff4e3b8000 	C:\WINDOWS\System32\PSAPI.DLL
0x00007fff48370000 - 0x00007fff48379000 	C:\WINDOWS\SYSTEM32\WSOCK32.dll
0x00007fff30800000 - 0x00007fff30827000 	C:\WINDOWS\SYSTEM32\WINMM.dll
0x00007fff4ef50000 - 0x00007fff4efbb000 	C:\WINDOWS\System32\WS2_32.dll
0x00007fff45000000 - 0x00007fff4500a000 	C:\WINDOWS\SYSTEM32\VERSION.dll
0x00007fff4acd0000 - 0x00007fff4ace2000 	C:\WINDOWS\SYSTEM32\kernel.appcore.dll
0x00007fff42f20000 - 0x00007fff42f31000 	C:\Users\Admin\Downloads\openjdk-11+28_windows-x64_bin\jdk-11\bin\verify.dll
0x00007fff47dd0000 - 0x00007fff47fb4000 	C:\WINDOWS\SYSTEM32\DBGHELP.DLL
0x00007fff479f0000 - 0x00007fff47a24000 	C:\WINDOWS\SYSTEM32\dbgcore.DLL
0x00007fff4d530000 - 0x00007fff4d5b2000 	C:\WINDOWS\System32\bcryptPrimitives.dll
0x00007fff405b0000 - 0x00007fff405d8000 	C:\Users\Admin\Downloads\openjdk-11+28_windows-x64_bin\jdk-11\bin\java.dll
0x00007fff407a0000 - 0x00007fff407b6000 	C:\Users\Admin\Downloads\openjdk-11+28_windows-x64_bin\jdk-11\bin\zip.dll
0x00007fff47000000 - 0x00007fff4700a000 	C:\Users\Admin\Downloads\openjdk-11+28_windows-x64_bin\jdk-11\bin\jimage.dll

dbghelp: loaded successfully - version: 4.0.5 - missing functions: none
symbol engine: initialized successfully - sym options: 0x614 - pdb path: .;C:\Users\Admin\Downloads\openjdk-11+28_windows-x64_bin\jdk-11\bin;C:\WINDOWS\SYSTEM32;C:\WINDOWS\WinSxS\amd64_microsoft.windows.common-controls_6595b64144ccf1df_6.0.19041.4355_none_60b8b9eb71f62e16;C:\Users\Admin\Downloads\openjdk-11+28_windows-x64_bin\jdk-11\bin\server

VM Arguments:
jvm_args: -Dfile.encoding=UTF-8 
java_command: quiz.CoffeeExam
java_class_path (initial): D:\workspace\JAVA (본인)\chap06\bin
Launcher Type: SUN_STANDARD

[Global flags]
     intx CICompilerCount                          = 3                                         {product} {ergonomic}
     uint ConcGCThreads                            = 1                                         {product} {ergonomic}
     uint G1ConcRefinementThreads                  = 4                                         {product} {ergonomic}
   size_t G1HeapRegionSize                         = 1048576                                   {product} {ergonomic}
    uintx GCDrainStackTargetSize                   = 64                                        {product} {ergonomic}
   size_t InitialHeapSize                          = 134217728                                 {product} {ergonomic}
   size_t MarkStackSize                            = 4194304                                   {product} {ergonomic}
   size_t MaxHeapSize                              = 2128609280                                {product} {ergonomic}
   size_t MinHeapDeltaBytes                        = 1048576                                   {product} {ergonomic}
    uintx NonNMethodCodeHeapSize                   = 5830092                                {pd product} {ergonomic}
    uintx NonProfiledCodeHeapSize                  = 122914074                              {pd product} {ergonomic}
    uintx ProfiledCodeHeapSize                     = 122914074                              {pd product} {ergonomic}
    uintx ReservedCodeCacheSize                    = 251658240                              {pd product} {ergonomic}
     bool SegmentedCodeCache                       = true                                      {product} {ergonomic}
     bool UseCompressedClassPointers               = true                                 {lp64_product} {ergonomic}
     bool UseCompressedOops                        = true                                 {lp64_product} {ergonomic}
     bool UseG1GC                                  = true                                      {product} {ergonomic}
     bool UseLargePagesIndividualAllocation        = false                                  {pd product} {ergonomic}

Logging:
Log output configuration:
 #0: stdout all=warning uptime,level,tags
 #1: stderr all=off uptime,level,tags

Environment Variables:
PATH=C:/Users/Admin/Downloads/openjdk-11+28_windows-x64_bin/jdk-11/bin/server;C:/Users/Admin/Downloads/openjdk-11+28_windows-x64_bin/jdk-11/bin;C:\WINDOWS\system32;C:\WINDOWS;C:\WINDOWS\System32\Wbem;C:\WINDOWS\System32\WindowsPowerShell\v1.0\;C:\WINDOWS\System32\OpenSSH\;C:\Program Files\Bandizip\;C:\Users\Admin\AppData\Local\Microsoft\WindowsApps;;C:\Users\Admin\Downloads\sts-bundle\sts-3.9.18.RELEASE;
USERNAME=Admin
OS=Windows_NT
PROCESSOR_IDENTIFIER=Intel64 Family 6 Model 60 Stepping 3, GenuineIntel



---------------  S Y S T E M  ---------------

OS: Windows 10 , 64 bit Build 19041 (10.0.19041.5198)

CPU:total 4 (initial active 4) (4 cores per cpu, 1 threads per core) family 6 model 60 stepping 3, cmov, cx8, fxsr, mmx, sse, sse2, sse3, ssse3, sse4.1, sse4.2, popcnt, avx, avx2, aes, clmul, erms, lzcnt, tsc, tscinvbit, bmi1, bmi2, fma

Memory: 4k page, system-wide physical 8113M (1870M free)
TotalPageFile size 23293M (AvailPageFile size 40M)
current process WorkingSet (physical memory assigned to process): 9M, peak: 9M
current process commit charge ("private bytes"): 51M, peak: 179M

vm_info: OpenJDK 64-Bit Server VM (11+28) for windows-amd64 JRE (11+28), built on Aug 23 2018 03:04:58 by "mach5one" with MS VC++ 15.5 (VS2017)

END.
